116 5 2.5
Run Greedy	with type: 0	algorithm: 2	turn_ls: 0
Include these partial solution into CPLEX: 
S.size() ----> 116	116
#Vars: 116
CPLEX pokrenut
CPLEX finds optimal

obj: 40
Sets in the solution: {
S_2, S_11, S_60, S_63, S_66, S_69, S_72, S_75, S_78, S_81, S_84, S_87, S_90, S_93, S_96, S_99, S_102, S_105, S_109, S_112, S_114, }
time:0.00308534 s
guards:21
obj:40
116 5 2.5
Run Greedy	with type: 0	algorithm: 2	turn_ls: 0
Include these partial solution into CPLEX: 
S.size() ----> 116	116
#Vars: 116
CPLEX pokrenut
CPLEX finds optimal

obj: 40
Sets in the solution: {
S_2, S_11, S_60, S_63, S_66, S_69, S_72, S_75, S_78, S_81, S_84, S_87, S_90, S_93, S_96, S_99, S_102, S_105, S_109, S_112, S_114, }
time:0.00466719 s
guards:21
el: 2
el: 11
el: 60
el: 63
el: 66
el: 69
el: 72
el: 75
el: 78
el: 81
el: 84
el: 87
el: 90
el: 93
el: 96
el: 99
el: 102
el: 105
el: 109
el: 112
el: 114
obj:40
40.000000;21;0.004667
