34 5 2.5
Run Greedy	with type: 0	algorithm: 2	turn_ls: 0
Include these partial solution into CPLEX: 
S.size() ----> 34	34
#Vars: 34
CPLEX pokrenut
CPLEX finds optimal

obj: 12.5
Sets in the solution: {
S_2, S_11, S_17, S_23, S_27, S_30, S_32, }
time:0.00304917 s
guards:7
obj:12.5
34 5 2.5
Run Greedy	with type: 0	algorithm: 2	turn_ls: 0
Include these partial solution into CPLEX: 
S.size() ----> 34	34
#Vars: 34
CPLEX pokrenut
CPLEX finds optimal

obj: 12.5
Sets in the solution: {
S_2, S_11, S_17, S_23, S_27, S_30, S_32, }
time:0.00301571 s
guards:7
el: 2
el: 11
el: 17
el: 23
el: 27
el: 30
el: 32
obj:12.5
12.500000;7;0.003016
