132 5 2.5
Run Greedy	with type: 0	algorithm: 2	turn_ls: 0
Include these partial solution into CPLEX: 
S.size() ----> 132	132
#Vars: 132
CPLEX pokrenut
CPLEX finds optimal

obj: 46
Sets in the solution: {
S_2, S_11, S_68, S_71, S_74, S_77, S_80, S_83, S_86, S_89, S_92, S_95, S_97, S_100, S_103, S_106, S_109, S_112, S_115, S_118, S_121, S_125, S_128, S_130, }
time:0.00367114 s
guards:24
obj:46
132 5 2.5
Run Greedy	with type: 0	algorithm: 2	turn_ls: 0
Include these partial solution into CPLEX: 
S.size() ----> 132	132
#Vars: 132
CPLEX pokrenut
CPLEX finds optimal

obj: 46
Sets in the solution: {
S_2, S_11, S_68, S_71, S_74, S_77, S_80, S_83, S_86, S_89, S_92, S_95, S_97, S_100, S_103, S_106, S_109, S_112, S_115, S_118, S_121, S_125, S_128, S_130, }
time:0.00392541 s
guards:24
el: 2
el: 11
el: 68
el: 71
el: 74
el: 77
el: 80
el: 83
el: 86
el: 89
el: 92
el: 95
el: 97
el: 100
el: 103
el: 106
el: 109
el: 112
el: 115
el: 118
el: 121
el: 125
el: 128
el: 130
obj:46
46.000000;24;0.003925
