30 5 2.5
Run Greedy	with type: 0	algorithm: 2	turn_ls: 0
Include these partial solution into CPLEX: 
S.size() ----> 30	30
#Vars: 30
CPLEX pokrenut
CPLEX finds optimal

obj: 12
Sets in the solution: {
S_2, S_11, S_16, S_20, S_23, S_26, S_28, }
time:0.00139257 s
guards:7
obj:12
30 5 2.5
Run Greedy	with type: 0	algorithm: 2	turn_ls: 0
Include these partial solution into CPLEX: 
S.size() ----> 30	30
#Vars: 30
CPLEX pokrenut
CPLEX finds optimal

obj: 12
Sets in the solution: {
S_2, S_11, S_16, S_20, S_23, S_26, S_28, }
time:0.00298675 s
guards:7
el: 2
el: 11
el: 16
el: 20
el: 23
el: 26
el: 28
obj:12
12.000000;7;0.002987
