112 5 2.5
Run Greedy	with type: 0	algorithm: 2	turn_ls: 0
Include these partial solution into CPLEX: 
S.size() ----> 112	112
#Vars: 112
CPLEX pokrenut
CPLEX finds optimal

obj: 38.5
Sets in the solution: {
S_2, S_11, S_59, S_62, S_65, S_68, S_71, S_74, S_77, S_80, S_83, S_86, S_89, S_92, S_95, S_98, S_101, S_105, S_108, S_110, }
time:0.0043728 s
guards:20
obj:38.5
112 5 2.5
Run Greedy	with type: 0	algorithm: 2	turn_ls: 0
Include these partial solution into CPLEX: 
S.size() ----> 112	112
#Vars: 112
CPLEX pokrenut
CPLEX finds optimal

obj: 38.5
Sets in the solution: {
S_2, S_11, S_59, S_62, S_65, S_68, S_71, S_74, S_77, S_80, S_83, S_86, S_89, S_92, S_95, S_98, S_101, S_105, S_108, S_110, }
time:0.00307515 s
guards:20
el: 2
el: 11
el: 59
el: 62
el: 65
el: 68
el: 71
el: 74
el: 77
el: 80
el: 83
el: 86
el: 89
el: 92
el: 95
el: 98
el: 101
el: 105
el: 108
el: 110
obj:38.5
38.500000;20;0.003075
