120 5 2.5
Run Greedy	with type: 0	algorithm: 2	turn_ls: 0
Include these partial solution into CPLEX: 
S.size() ----> 120	120
#Vars: 120
CPLEX pokrenut
CPLEX finds optimal

obj: 42
Sets in the solution: {
S_2, S_11, S_62, S_65, S_68, S_71, S_74, S_77, S_80, S_83, S_86, S_88, S_91, S_94, S_97, S_100, S_103, S_106, S_109, S_113, S_116, S_118, }
time:0.00347622 s
guards:22
obj:42
120 5 2.5
Run Greedy	with type: 0	algorithm: 2	turn_ls: 0
Include these partial solution into CPLEX: 
S.size() ----> 120	120
#Vars: 120
CPLEX pokrenut
CPLEX finds optimal

obj: 42
Sets in the solution: {
S_2, S_11, S_62, S_65, S_68, S_71, S_74, S_77, S_80, S_83, S_86, S_88, S_91, S_94, S_97, S_100, S_103, S_106, S_109, S_113, S_116, S_118, }
time:0.00325927 s
guards:22
el: 2
el: 11
el: 62
el: 65
el: 68
el: 71
el: 74
el: 77
el: 80
el: 83
el: 86
el: 88
el: 91
el: 94
el: 97
el: 100
el: 103
el: 106
el: 109
el: 113
el: 116
el: 118
obj:42
42.000000;22;0.003259
