130 5 2.5
Run Greedy	with type: 0	algorithm: 2	turn_ls: 0
Include these partial solution into CPLEX: 
S.size() ----> 130	130
#Vars: 130
CPLEX pokrenut
CPLEX finds optimal

obj: 44.5
Sets in the solution: {
S_2, S_11, S_65, S_71, S_74, S_77, S_80, S_83, S_86, S_89, S_92, S_95, S_98, S_101, S_104, S_107, S_110, S_113, S_116, S_119, S_123, S_126, S_128, }
time:0.00546198 s
guards:23
obj:44.5
130 5 2.5
Run Greedy	with type: 0	algorithm: 2	turn_ls: 0
Include these partial solution into CPLEX: 
S.size() ----> 130	130
#Vars: 130
CPLEX pokrenut
CPLEX finds optimal

obj: 44.5
Sets in the solution: {
S_2, S_11, S_65, S_71, S_74, S_77, S_80, S_83, S_86, S_89, S_92, S_95, S_98, S_101, S_104, S_107, S_110, S_113, S_116, S_119, S_123, S_126, S_128, }
time:0.00542861 s
guards:23
el: 2
el: 11
el: 65
el: 71
el: 74
el: 77
el: 80
el: 83
el: 86
el: 89
el: 92
el: 95
el: 98
el: 101
el: 104
el: 107
el: 110
el: 113
el: 116
el: 119
el: 123
el: 126
el: 128
obj:44.5
44.500000;23;0.005429
