74 5 2.5
Run Greedy	with type: 0	algorithm: 2	turn_ls: 0
Include these partial solution into CPLEX: 
S.size() ----> 74	74
#Vars: 74
CPLEX pokrenut
CPLEX finds optimal

obj: 26
Sets in the solution: {
S_2, S_11, S_38, S_42, S_45, S_48, S_51, S_54, S_57, S_60, S_63, S_67, S_70, S_72, }
time:0.00308385 s
guards:14
obj:26
74 5 2.5
Run Greedy	with type: 0	algorithm: 2	turn_ls: 0
Include these partial solution into CPLEX: 
S.size() ----> 74	74
#Vars: 74
CPLEX pokrenut
CPLEX finds optimal

obj: 26
Sets in the solution: {
S_2, S_11, S_38, S_42, S_45, S_48, S_51, S_54, S_57, S_60, S_63, S_67, S_70, S_72, }
time:0.00399182 s
guards:14
el: 2
el: 11
el: 38
el: 42
el: 45
el: 48
el: 51
el: 54
el: 57
el: 60
el: 63
el: 67
el: 70
el: 72
obj:26
26.000000;14;0.003992
