180 5 2.5
Run Greedy	with type: 0	algorithm: 2	turn_ls: 0
Include these partial solution into CPLEX: 
S.size() ----> 180	180
#Vars: 180
CPLEX pokrenut
CPLEX finds optimal

obj: 62
Sets in the solution: {
S_2, S_11, S_92, S_95, S_98, S_101, S_104, S_107, S_110, S_113, S_116, S_119, S_122, S_125, S_128, S_131, S_133, S_136, S_139, S_142, S_145, S_148, S_151, S_154, S_157, S_160, S_163, S_166, S_169, S_173, S_176, S_178, }
time:0.00425425 s
guards:32
obj:62
180 5 2.5
Run Greedy	with type: 0	algorithm: 2	turn_ls: 0
Include these partial solution into CPLEX: 
S.size() ----> 180	180
#Vars: 180
CPLEX pokrenut
CPLEX finds optimal

obj: 62
Sets in the solution: {
S_2, S_11, S_92, S_95, S_98, S_101, S_104, S_107, S_110, S_113, S_116, S_119, S_122, S_125, S_128, S_131, S_133, S_136, S_139, S_142, S_145, S_148, S_151, S_154, S_157, S_160, S_163, S_166, S_169, S_173, S_176, S_178, }
time:0.0061951 s
guards:32
el: 2
el: 11
el: 92
el: 95
el: 98
el: 101
el: 104
el: 107
el: 110
el: 113
el: 116
el: 119
el: 122
el: 125
el: 128
el: 131
el: 133
el: 136
el: 139
el: 142
el: 145
el: 148
el: 151
el: 154
el: 157
el: 160
el: 163
el: 166
el: 169
el: 173
el: 176
el: 178
obj:62
62.000000;32;0.006195
