142 5 2.5
Run Greedy	with type: 0	algorithm: 2	turn_ls: 0
Include these partial solution into CPLEX: 
S.size() ----> 142	142
#Vars: 142
CPLEX pokrenut
CPLEX finds optimal

obj: 48.5
Sets in the solution: {
S_2, S_11, S_71, S_77, S_80, S_83, S_86, S_89, S_92, S_95, S_98, S_101, S_104, S_107, S_110, S_113, S_116, S_119, S_122, S_125, S_128, S_131, S_135, S_138, S_140, }
time:0.00409256 s
guards:25
obj:48.5
142 5 2.5
Run Greedy	with type: 0	algorithm: 2	turn_ls: 0
Include these partial solution into CPLEX: 
S.size() ----> 142	142
#Vars: 142
CPLEX pokrenut
CPLEX finds optimal

obj: 48.5
Sets in the solution: {
S_2, S_11, S_71, S_77, S_80, S_83, S_86, S_89, S_92, S_95, S_98, S_101, S_104, S_107, S_110, S_113, S_116, S_119, S_122, S_125, S_128, S_131, S_135, S_138, S_140, }
time:0.00336515 s
guards:25
el: 2
el: 11
el: 71
el: 77
el: 80
el: 83
el: 86
el: 89
el: 92
el: 95
el: 98
el: 101
el: 104
el: 107
el: 110
el: 113
el: 116
el: 119
el: 122
el: 125
el: 128
el: 131
el: 135
el: 138
el: 140
obj:48.5
48.500000;25;0.003365
