36 5 2.5
Run Greedy	with type: 0	algorithm: 2	turn_ls: 0
Include these partial solution into CPLEX: 
S.size() ----> 36	36
#Vars: 36
CPLEX pokrenut
CPLEX finds optimal

obj: 14
Sets in the solution: {
S_2, S_11, S_20, S_23, S_26, S_29, S_32, S_34, }
time:0.00165074 s
guards:8
obj:14
36 5 2.5
Run Greedy	with type: 0	algorithm: 2	turn_ls: 0
Include these partial solution into CPLEX: 
S.size() ----> 36	36
#Vars: 36
CPLEX pokrenut
CPLEX finds optimal

obj: 14
Sets in the solution: {
S_2, S_11, S_20, S_23, S_26, S_29, S_32, S_34, }
time:0.502306 s
guards:8
el: 2
el: 11
el: 20
el: 23
el: 26
el: 29
el: 32
el: 34
obj:14
14.000000;8;0.502306
