118 5 2.5
Run Greedy	with type: 0	algorithm: 2	turn_ls: 0
Include these partial solution into CPLEX: 
S.size() ----> 118	118
#Vars: 118
CPLEX pokrenut
CPLEX finds optimal

obj: 40.5
Sets in the solution: {
S_2, S_11, S_59, S_65, S_68, S_71, S_74, S_77, S_80, S_83, S_86, S_89, S_92, S_95, S_98, S_101, S_104, S_107, S_111, S_114, S_116, }
time:0.00482807 s
guards:21
obj:40.5
118 5 2.5
Run Greedy	with type: 0	algorithm: 2	turn_ls: 0
Include these partial solution into CPLEX: 
S.size() ----> 118	118
#Vars: 118
CPLEX pokrenut
CPLEX finds optimal

obj: 40.5
Sets in the solution: {
S_2, S_11, S_59, S_65, S_68, S_71, S_74, S_77, S_80, S_83, S_86, S_89, S_92, S_95, S_98, S_101, S_104, S_107, S_111, S_114, S_116, }
time:0.0050142 s
guards:21
el: 2
el: 11
el: 59
el: 65
el: 68
el: 71
el: 74
el: 77
el: 80
el: 83
el: 86
el: 89
el: 92
el: 95
el: 98
el: 101
el: 104
el: 107
el: 111
el: 114
el: 116
obj:40.5
40.500000;21;0.005014
