124 5 2.5
Run Greedy	with type: 0	algorithm: 2	turn_ls: 0
Include these partial solution into CPLEX: 
S.size() ----> 124	124
#Vars: 124
CPLEX pokrenut
CPLEX finds optimal

obj: 42.5
Sets in the solution: {
S_2, S_11, S_65, S_68, S_71, S_74, S_77, S_80, S_83, S_86, S_89, S_92, S_95, S_98, S_101, S_104, S_107, S_110, S_113, S_117, S_120, S_122, }
time:0.00417462 s
guards:22
obj:42.5
124 5 2.5
Run Greedy	with type: 0	algorithm: 2	turn_ls: 0
Include these partial solution into CPLEX: 
S.size() ----> 124	124
#Vars: 124
CPLEX pokrenut
CPLEX finds optimal

obj: 42.5
Sets in the solution: {
S_2, S_11, S_65, S_68, S_71, S_74, S_77, S_80, S_83, S_86, S_89, S_92, S_95, S_98, S_101, S_104, S_107, S_110, S_113, S_117, S_120, S_122, }
time:0.00519784 s
guards:22
el: 2
el: 11
el: 65
el: 68
el: 71
el: 74
el: 77
el: 80
el: 83
el: 86
el: 89
el: 92
el: 95
el: 98
el: 101
el: 104
el: 107
el: 110
el: 113
el: 117
el: 120
el: 122
obj:42.5
42.500000;22;0.005198
