168 5 2.5
Run Greedy	with type: 0	algorithm: 2	turn_ls: 0
Include these partial solution into CPLEX: 
S.size() ----> 168	168
#Vars: 168
CPLEX pokrenut
CPLEX finds optimal

obj: 58
Sets in the solution: {
S_2, S_11, S_86, S_89, S_92, S_95, S_98, S_101, S_104, S_107, S_110, S_113, S_116, S_119, S_122, S_124, S_127, S_130, S_133, S_136, S_139, S_142, S_145, S_148, S_151, S_154, S_157, S_161, S_164, S_166, }
time:0.00299644 s
guards:30
obj:58
168 5 2.5
Run Greedy	with type: 0	algorithm: 2	turn_ls: 0
Include these partial solution into CPLEX: 
S.size() ----> 168	168
#Vars: 168
CPLEX pokrenut
CPLEX finds optimal

obj: 58
Sets in the solution: {
S_2, S_11, S_86, S_89, S_92, S_95, S_98, S_101, S_104, S_107, S_110, S_113, S_116, S_119, S_122, S_124, S_127, S_130, S_133, S_136, S_139, S_142, S_145, S_148, S_151, S_154, S_157, S_161, S_164, S_166, }
time:0.00435339 s
guards:30
el: 2
el: 11
el: 86
el: 89
el: 92
el: 95
el: 98
el: 101
el: 104
el: 107
el: 110
el: 113
el: 116
el: 119
el: 122
el: 124
el: 127
el: 130
el: 133
el: 136
el: 139
el: 142
el: 145
el: 148
el: 151
el: 154
el: 157
el: 161
el: 164
el: 166
obj:58
58.000000;30;0.004353
