90 5 2.5
Run Greedy	with type: 0	algorithm: 2	turn_ls: 0
Include these partial solution into CPLEX: 
S.size() ----> 90	90
#Vars: 90
CPLEX pokrenut
CPLEX finds optimal

obj: 32
Sets in the solution: {
S_2, S_11, S_46, S_50, S_53, S_56, S_59, S_62, S_64, S_67, S_70, S_73, S_76, S_79, S_83, S_86, S_88, }
time:0.00394374 s
guards:17
obj:32
90 5 2.5
Run Greedy	with type: 0	algorithm: 2	turn_ls: 0
Include these partial solution into CPLEX: 
S.size() ----> 90	90
#Vars: 90
CPLEX pokrenut
CPLEX finds optimal

obj: 32
Sets in the solution: {
S_2, S_11, S_46, S_50, S_53, S_56, S_59, S_62, S_64, S_67, S_70, S_73, S_76, S_79, S_83, S_86, S_88, }
time:0.00402766 s
guards:17
el: 2
el: 11
el: 46
el: 50
el: 53
el: 56
el: 59
el: 62
el: 64
el: 67
el: 70
el: 73
el: 76
el: 79
el: 83
el: 86
el: 88
obj:32
32.000000;17;0.004028
