102 5 2.5
Run Greedy	with type: 0	algorithm: 2	turn_ls: 0
Include these partial solution into CPLEX: 
S.size() ----> 102	102
#Vars: 102
CPLEX pokrenut
CPLEX finds optimal

obj: 36
Sets in the solution: {
S_2, S_11, S_52, S_56, S_59, S_62, S_65, S_68, S_71, S_73, S_76, S_79, S_82, S_85, S_88, S_91, S_95, S_98, S_100, }
time:0.00208768 s
guards:19
obj:36
102 5 2.5
Run Greedy	with type: 0	algorithm: 2	turn_ls: 0
Include these partial solution into CPLEX: 
S.size() ----> 102	102
#Vars: 102
CPLEX pokrenut
CPLEX finds optimal

obj: 36
Sets in the solution: {
S_2, S_11, S_52, S_56, S_59, S_62, S_65, S_68, S_71, S_73, S_76, S_79, S_82, S_85, S_88, S_91, S_95, S_98, S_100, }
time:0.00242504 s
guards:19
el: 2
el: 11
el: 52
el: 56
el: 59
el: 62
el: 65
el: 68
el: 71
el: 73
el: 76
el: 79
el: 82
el: 85
el: 88
el: 91
el: 95
el: 98
el: 100
obj:36
36.000000;19;0.002425
