178 5 2.5
Run Greedy	with type: 0	algorithm: 2	turn_ls: 0
Include these partial solution into CPLEX: 
S.size() ----> 178	178
#Vars: 178
CPLEX pokrenut
CPLEX finds optimal

obj: 60.5
Sets in the solution: {
S_2, S_11, S_89, S_95, S_98, S_101, S_104, S_107, S_110, S_113, S_116, S_119, S_122, S_125, S_128, S_131, S_134, S_137, S_140, S_143, S_146, S_149, S_152, S_155, S_158, S_161, S_164, S_167, S_171, S_174, S_176, }
time:0.00474388 s
guards:31
obj:60.5
178 5 2.5
Run Greedy	with type: 0	algorithm: 2	turn_ls: 0
Include these partial solution into CPLEX: 
S.size() ----> 178	178
#Vars: 178
CPLEX pokrenut
CPLEX finds optimal

obj: 60.5
Sets in the solution: {
S_2, S_11, S_89, S_95, S_98, S_101, S_104, S_107, S_110, S_113, S_116, S_119, S_122, S_125, S_128, S_131, S_134, S_137, S_140, S_143, S_146, S_149, S_152, S_155, S_158, S_161, S_164, S_167, S_171, S_174, S_176, }
time:0.00728838 s
guards:31
el: 2
el: 11
el: 89
el: 95
el: 98
el: 101
el: 104
el: 107
el: 110
el: 113
el: 116
el: 119
el: 122
el: 125
el: 128
el: 131
el: 134
el: 137
el: 140
el: 143
el: 146
el: 149
el: 152
el: 155
el: 158
el: 161
el: 164
el: 167
el: 171
el: 174
el: 176
obj:60.5
60.500000;31;0.007288
