162 5 2.5
Run Greedy	with type: 0	algorithm: 2	turn_ls: 0
Include these partial solution into CPLEX: 
S.size() ----> 162	162
#Vars: 162
CPLEX pokrenut
CPLEX finds optimal

obj: 56
Sets in the solution: {
S_2, S_11, S_82, S_86, S_89, S_92, S_95, S_98, S_101, S_104, S_107, S_110, S_113, S_116, S_118, S_121, S_124, S_127, S_130, S_133, S_136, S_139, S_142, S_145, S_148, S_151, S_155, S_158, S_160, }
time:0.0067615 s
guards:29
obj:56
162 5 2.5
Run Greedy	with type: 0	algorithm: 2	turn_ls: 0
Include these partial solution into CPLEX: 
S.size() ----> 162	162
#Vars: 162
CPLEX pokrenut
CPLEX finds optimal

obj: 56
Sets in the solution: {
S_2, S_11, S_82, S_86, S_89, S_92, S_95, S_98, S_101, S_104, S_107, S_110, S_113, S_116, S_118, S_121, S_124, S_127, S_130, S_133, S_136, S_139, S_142, S_145, S_148, S_151, S_155, S_158, S_160, }
time:0.00570903 s
guards:29
el: 2
el: 11
el: 82
el: 86
el: 89
el: 92
el: 95
el: 98
el: 101
el: 104
el: 107
el: 110
el: 113
el: 116
el: 118
el: 121
el: 124
el: 127
el: 130
el: 133
el: 136
el: 139
el: 142
el: 145
el: 148
el: 151
el: 155
el: 158
el: 160
obj:56
56.000000;29;0.005709
