46 5 2.5
Run Greedy	with type: 0	algorithm: 2	turn_ls: 0
Include these partial solution into CPLEX: 
S.size() ----> 46	46
#Vars: 46
CPLEX pokrenut
CPLEX finds optimal

obj: 16.5
Sets in the solution: {
S_2, S_11, S_23, S_29, S_32, S_35, S_39, S_42, S_44, }
time:0.00304337 s
guards:9
obj:16.5
46 5 2.5
Run Greedy	with type: 0	algorithm: 2	turn_ls: 0
Include these partial solution into CPLEX: 
S.size() ----> 46	46
#Vars: 46
CPLEX pokrenut
CPLEX finds optimal

obj: 16.5
Sets in the solution: {
S_2, S_11, S_23, S_29, S_32, S_35, S_39, S_42, S_44, }
time:0.691959 s
guards:9
el: 2
el: 11
el: 23
el: 29
el: 32
el: 35
el: 39
el: 42
el: 44
obj:16.5
16.500000;9;0.691959
