110 5 2.5
Run Greedy	with type: 0	algorithm: 2	turn_ls: 0
Include these partial solution into CPLEX: 
S.size() ----> 110	110
#Vars: 110
CPLEX pokrenut
CPLEX finds optimal

obj: 38
Sets in the solution: {
S_2, S_11, S_56, S_60, S_63, S_66, S_69, S_72, S_75, S_78, S_81, S_84, S_87, S_90, S_93, S_96, S_99, S_103, S_106, S_108, }
time:0.00382385 s
guards:20
obj:38
110 5 2.5
Run Greedy	with type: 0	algorithm: 2	turn_ls: 0
Include these partial solution into CPLEX: 
S.size() ----> 110	110
#Vars: 110
CPLEX pokrenut
CPLEX finds optimal

obj: 38
Sets in the solution: {
S_2, S_11, S_56, S_60, S_63, S_66, S_69, S_72, S_75, S_78, S_81, S_84, S_87, S_90, S_93, S_96, S_99, S_103, S_106, S_108, }
time:0.00309024 s
guards:20
el: 2
el: 11
el: 56
el: 60
el: 63
el: 66
el: 69
el: 72
el: 75
el: 78
el: 81
el: 84
el: 87
el: 90
el: 93
el: 96
el: 99
el: 103
el: 106
el: 108
obj:38
38.000000;20;0.003090
