82 5 2.5
Run Greedy	with type: 0	algorithm: 2	turn_ls: 0
Include these partial solution into CPLEX: 
S.size() ----> 82	82
#Vars: 82
CPLEX pokrenut
CPLEX finds optimal

obj: 28.5
Sets in the solution: {
S_2, S_11, S_41, S_47, S_50, S_53, S_56, S_59, S_62, S_65, S_68, S_71, S_75, S_78, S_80, }
time:0.00327191 s
guards:15
obj:28.5
82 5 2.5
Run Greedy	with type: 0	algorithm: 2	turn_ls: 0
Include these partial solution into CPLEX: 
S.size() ----> 82	82
#Vars: 82
CPLEX pokrenut
CPLEX finds optimal

obj: 28.5
Sets in the solution: {
S_2, S_11, S_41, S_47, S_50, S_53, S_56, S_59, S_62, S_65, S_68, S_71, S_75, S_78, S_80, }
time:0.00430952 s
guards:15
el: 2
el: 11
el: 41
el: 47
el: 50
el: 53
el: 56
el: 59
el: 62
el: 65
el: 68
el: 71
el: 75
el: 78
el: 80
obj:28.5
28.500000;15;0.004310
