136 5 2.5
Run Greedy	with type: 0	algorithm: 2	turn_ls: 0
Include these partial solution into CPLEX: 
S.size() ----> 136	136
#Vars: 136
CPLEX pokrenut
CPLEX finds optimal

obj: 46.5
Sets in the solution: {
S_2, S_11, S_71, S_74, S_77, S_80, S_83, S_86, S_89, S_92, S_95, S_98, S_101, S_104, S_107, S_110, S_113, S_116, S_119, S_122, S_125, S_129, S_132, S_134, }
time:0.00310162 s
guards:24
obj:46.5
136 5 2.5
Run Greedy	with type: 0	algorithm: 2	turn_ls: 0
Include these partial solution into CPLEX: 
S.size() ----> 136	136
#Vars: 136
CPLEX pokrenut
CPLEX finds optimal

obj: 46.5
Sets in the solution: {
S_2, S_11, S_71, S_74, S_77, S_80, S_83, S_86, S_89, S_92, S_95, S_98, S_101, S_104, S_107, S_110, S_113, S_116, S_119, S_122, S_125, S_129, S_132, S_134, }
time:0.00532868 s
guards:24
el: 2
el: 11
el: 71
el: 74
el: 77
el: 80
el: 83
el: 86
el: 89
el: 92
el: 95
el: 98
el: 101
el: 104
el: 107
el: 110
el: 113
el: 116
el: 119
el: 122
el: 125
el: 129
el: 132
el: 134
obj:46.5
46.500000;24;0.005329
