20 5 2.5
Run Greedy	with type: 0	algorithm: 2	turn_ls: 0
Include these partial solution into CPLEX: 
S.size() ----> 20	20
#Vars: 20
CPLEX pokrenut
CPLEX finds optimal

obj: 7.5
Sets in the solution: {
S_2, S_11, S_12, S_15, S_18, }
time:0.00247241 s
guards:5
obj:7.5
20 5 2.5
Run Greedy	with type: 0	algorithm: 2	turn_ls: 0
Include these partial solution into CPLEX: 
S.size() ----> 20	20
#Vars: 20
CPLEX pokrenut
CPLEX finds optimal

obj: 7.5
Sets in the solution: {
S_2, S_11, S_12, S_15, S_18, }
time:0.00156529 s
guards:5
el: 2
el: 11
el: 12
el: 15
el: 18
obj:7.5
7.500000;5;0.001565
