174 5 2.5
Run Greedy	with type: 0	algorithm: 2	turn_ls: 0
Include these partial solution into CPLEX: 
S.size() ----> 174	174
#Vars: 174
CPLEX pokrenut
CPLEX finds optimal

obj: 60
Sets in the solution: {
S_2, S_11, S_88, S_92, S_95, S_98, S_101, S_104, S_107, S_110, S_113, S_116, S_119, S_122, S_125, S_127, S_130, S_133, S_136, S_139, S_142, S_145, S_148, S_151, S_154, S_157, S_160, S_163, S_167, S_170, S_172, }
time:0.0054933 s
guards:31
obj:60
174 5 2.5
Run Greedy	with type: 0	algorithm: 2	turn_ls: 0
Include these partial solution into CPLEX: 
S.size() ----> 174	174
#Vars: 174
CPLEX pokrenut
CPLEX finds optimal

obj: 60
Sets in the solution: {
S_2, S_11, S_88, S_92, S_95, S_98, S_101, S_104, S_107, S_110, S_113, S_116, S_119, S_122, S_125, S_127, S_130, S_133, S_136, S_139, S_142, S_145, S_148, S_151, S_154, S_157, S_160, S_163, S_167, S_170, S_172, }
time:0.00695973 s
guards:31
el: 2
el: 11
el: 88
el: 92
el: 95
el: 98
el: 101
el: 104
el: 107
el: 110
el: 113
el: 116
el: 119
el: 122
el: 125
el: 127
el: 130
el: 133
el: 136
el: 139
el: 142
el: 145
el: 148
el: 151
el: 154
el: 157
el: 160
el: 163
el: 167
el: 170
el: 172
obj:60
60.000000;31;0.006960
