154 5 2.5
Run Greedy	with type: 0	algorithm: 2	turn_ls: 0
Include these partial solution into CPLEX: 
S.size() ----> 154	154
#Vars: 154
CPLEX pokrenut
CPLEX finds optimal

obj: 52.5
Sets in the solution: {
S_2, S_11, S_77, S_83, S_86, S_89, S_92, S_95, S_98, S_101, S_104, S_107, S_110, S_113, S_116, S_119, S_122, S_125, S_128, S_131, S_134, S_137, S_140, S_143, S_147, S_150, S_152, }
time:0.00541159 s
guards:27
obj:52.5
154 5 2.5
Run Greedy	with type: 0	algorithm: 2	turn_ls: 0
Include these partial solution into CPLEX: 
S.size() ----> 154	154
#Vars: 154
CPLEX pokrenut
CPLEX finds optimal

obj: 52.5
Sets in the solution: {
S_2, S_11, S_77, S_83, S_86, S_89, S_92, S_95, S_98, S_101, S_104, S_107, S_110, S_113, S_116, S_119, S_122, S_125, S_128, S_131, S_134, S_137, S_140, S_143, S_147, S_150, S_152, }
time:0.00490961 s
guards:27
el: 2
el: 11
el: 77
el: 83
el: 86
el: 89
el: 92
el: 95
el: 98
el: 101
el: 104
el: 107
el: 110
el: 113
el: 116
el: 119
el: 122
el: 125
el: 128
el: 131
el: 134
el: 137
el: 140
el: 143
el: 147
el: 150
el: 152
obj:52.5
52.500000;27;0.004910
