106 5 2.5
Run Greedy	with type: 0	algorithm: 2	turn_ls: 0
Include these partial solution into CPLEX: 
S.size() ----> 106	106
#Vars: 106
CPLEX pokrenut
CPLEX finds optimal

obj: 36.5
Sets in the solution: {
S_2, S_11, S_53, S_59, S_62, S_65, S_68, S_71, S_74, S_77, S_80, S_83, S_86, S_89, S_92, S_95, S_99, S_102, S_104, }
time:0.00505655 s
guards:19
obj:36.5
106 5 2.5
Run Greedy	with type: 0	algorithm: 2	turn_ls: 0
Include these partial solution into CPLEX: 
S.size() ----> 106	106
#Vars: 106
CPLEX pokrenut
CPLEX finds optimal

obj: 36.5
Sets in the solution: {
S_2, S_11, S_53, S_59, S_62, S_65, S_68, S_71, S_74, S_77, S_80, S_83, S_86, S_89, S_92, S_95, S_99, S_102, S_104, }
time:0.00306638 s
guards:19
el: 2
el: 11
el: 53
el: 59
el: 62
el: 65
el: 68
el: 71
el: 74
el: 77
el: 80
el: 83
el: 86
el: 89
el: 92
el: 95
el: 99
el: 102
el: 104
obj:36.5
36.500000;19;0.003066
