26 5 2.5
Run Greedy	with type: 0	algorithm: 2	turn_ls: 0
Include these partial solution into CPLEX: 
S.size() ----> 26	26
#Vars: 26
CPLEX pokrenut
CPLEX finds optimal

obj: 10
Sets in the solution: {
S_2, S_11, S_14, S_19, S_22, S_24, }
time:0.00167135 s
guards:6
obj:10
26 5 2.5
Run Greedy	with type: 0	algorithm: 2	turn_ls: 0
Include these partial solution into CPLEX: 
S.size() ----> 26	26
#Vars: 26
CPLEX pokrenut
CPLEX finds optimal

obj: 10
Sets in the solution: {
S_2, S_11, S_14, S_19, S_22, S_24, }
time:0.0029089 s
guards:6
el: 2
el: 11
el: 14
el: 19
el: 22
el: 24
obj:10
10.000000;6;0.002909
