58 144 583.603
Run Greedy	with type: 0	algorithm: 2	turn_ls: 0
Include these partial solution into CPLEX: 
S.size() ----> 58	58
#Vars: 58
CPLEX pokrenut
CPLEX finds optimal

obj: 7
Sets in the solution: {
S_27, S_39, S_43, S_47, S_49, S_53, S_57, }
time:0.00556938 s
guards:7
obj:7
58 144 583.603
Run Greedy	with type: 0	algorithm: 2	turn_ls: 0
Include these partial solution into CPLEX: 
S.size() ----> 58	58
#Vars: 58
CPLEX pokrenut
CPLEX finds optimal

obj: 7
Sets in the solution: {
S_27, S_39, S_43, S_47, S_49, S_53, S_57, }
time:0.00558183 s
guards:7
obj:7
7.000000;7;0.005582
58 144 583.603
Run Greedy	with type: 0	algorithm: 2	turn_ls: 0
Include these partial solution into CPLEX: 
S.size() ----> 58	58
#Vars: 58
CPLEX pokrenut
CPLEX finds optimal

obj: 7
Sets in the solution: {
S_27, S_39, S_43, S_47, S_49, S_53, S_57, }
time:0.00688903 s
guards:7
el: 27
el: 39
el: 43
el: 47
el: 49
el: 53
el: 57
obj:7
7.000000;7;0.006889
