10 12 11.25
Run Greedy	with type: 0	algorithm: 2	turn_ls: 0
Include these partial solution into CPLEX: 
S.size() ----> 10	10
#Vars: 10
CPLEX pokrenut
CPLEX finds optimal

obj: 1
Sets in the solution: {
S_3, }
time:0.00149331 s
guards:1
obj:1
10 12 11.25
Run Greedy	with type: 0	algorithm: 2	turn_ls: 0
Include these partial solution into CPLEX: 
S.size() ----> 10	10
#Vars: 10
CPLEX pokrenut
CPLEX finds optimal

obj: 1
Sets in the solution: {
S_3, }
time:0.0015698 s
guards:1
obj:1
1.000000;1;0.001570
10 12 11.25
Run Greedy	with type: 0	algorithm: 2	turn_ls: 0
Include these partial solution into CPLEX: 
S.size() ----> 10	10
#Vars: 10
CPLEX pokrenut
CPLEX finds optimal

obj: 1
Sets in the solution: {
S_3, }
time:0.00159998 s
guards:1
el: 3
obj:1
1.000000;1;0.001600
