50 128 428.216
Run Greedy	with type: 0	algorithm: 2	turn_ls: 0
Include these partial solution into CPLEX: 
S.size() ----> 50	50
#Vars: 50
CPLEX pokrenut
CPLEX finds optimal

obj: 7
Sets in the solution: {
S_27, S_31, S_35, S_39, S_41, S_45, S_49, }
time:0.00520534 s
guards:7
obj:7
50 128 428.216
Run Greedy	with type: 0	algorithm: 2	turn_ls: 0
Include these partial solution into CPLEX: 
S.size() ----> 50	50
#Vars: 50
CPLEX pokrenut
CPLEX finds optimal

obj: 7
Sets in the solution: {
S_27, S_31, S_35, S_39, S_41, S_45, S_49, }
time:0.00747513 s
guards:7
obj:7
7.000000;7;0.007475
50 128 428.216
Run Greedy	with type: 0	algorithm: 2	turn_ls: 0
Include these partial solution into CPLEX: 
S.size() ----> 50	50
#Vars: 50
CPLEX pokrenut
CPLEX finds optimal

obj: 7
Sets in the solution: {
S_27, S_31, S_35, S_39, S_41, S_45, S_49, }
time:0.00529383 s
guards:7
el: 27
el: 31
el: 35
el: 39
el: 41
el: 45
el: 49
obj:7
7.000000;7;0.005294
