104 243 1943.08
Run Greedy	with type: 0	algorithm: 2	turn_ls: 0
Include these partial solution into CPLEX: 
S.size() ----> 104	104
#Vars: 104
CPLEX pokrenut
CPLEX finds optimal

obj: 7
Sets in the solution: {
S_51, S_85, S_89, S_93, S_95, S_99, S_103, }
time:0.0166325 s
guards:7
obj:7
104 243 1943.08
Run Greedy	with type: 0	algorithm: 2	turn_ls: 0
Include these partial solution into CPLEX: 
S.size() ----> 104	104
#Vars: 104
CPLEX pokrenut
CPLEX finds optimal

obj: 7
Sets in the solution: {
S_51, S_85, S_89, S_93, S_95, S_99, S_103, }
time:0.00697136 s
guards:7
obj:7
7.000000;7;0.006971
104 243 1943.08
Run Greedy	with type: 0	algorithm: 2	turn_ls: 0
Include these partial solution into CPLEX: 
S.size() ----> 104	104
#Vars: 104
CPLEX pokrenut
CPLEX finds optimal

obj: 7
Sets in the solution: {
S_51, S_85, S_89, S_93, S_95, S_99, S_103, }
time:0.015487 s
guards:7
el: 51
el: 85
el: 89
el: 93
el: 95
el: 99
el: 103
obj:7
7.000000;7;0.015487
