30 87 144.746
Run Greedy	with type: 0	algorithm: 2	turn_ls: 0
Include these partial solution into CPLEX: 
S.size() ----> 30	30
#Vars: 30
CPLEX pokrenut
CPLEX finds optimal

obj: 4
Sets in the solution: {
S_3, S_5, S_9, S_13, }
time:0.00152133 s
guards:4
obj:4
30 87 144.746
Run Greedy	with type: 0	algorithm: 2	turn_ls: 0
Include these partial solution into CPLEX: 
S.size() ----> 30	30
#Vars: 30
CPLEX pokrenut
CPLEX finds optimal

obj: 4
Sets in the solution: {
S_3, S_5, S_9, S_13, }
time:0.0028591 s
guards:4
obj:4
4.000000;4;0.002859
30 87 144.746
Run Greedy	with type: 0	algorithm: 2	turn_ls: 0
Include these partial solution into CPLEX: 
S.size() ----> 30	30
#Vars: 30
CPLEX pokrenut
CPLEX finds optimal

obj: 4
Sets in the solution: {
S_3, S_5, S_9, S_13, }
time:0.00243753 s
guards:4
el: 3
el: 5
el: 9
el: 13
obj:4
4.000000;4;0.002438
