80 194 1134.92
Run Greedy	with type: 0	algorithm: 2	turn_ls: 0
Include these partial solution into CPLEX: 
S.size() ----> 80	80
#Vars: 80
CPLEX pokrenut
CPLEX finds optimal

obj: 7
Sets in the solution: {
S_39, S_53, S_65, S_69, S_71, S_75, S_79, }
time:0.00642382 s
guards:7
obj:7
80 194 1134.92
Run Greedy	with type: 0	algorithm: 2	turn_ls: 0
Include these partial solution into CPLEX: 
S.size() ----> 80	80
#Vars: 80
CPLEX pokrenut
CPLEX finds optimal

obj: 7
Sets in the solution: {
S_39, S_53, S_65, S_69, S_71, S_75, S_79, }
time:0.0126885 s
guards:7
obj:7
7.000000;7;0.012689
80 194 1134.92
Run Greedy	with type: 0	algorithm: 2	turn_ls: 0
Include these partial solution into CPLEX: 
S.size() ----> 80	80
#Vars: 80
CPLEX pokrenut
CPLEX finds optimal

obj: 7
Sets in the solution: {
S_39, S_53, S_65, S_69, S_71, S_75, S_79, }
time:0.016928 s
guards:7
el: 39
el: 53
el: 65
el: 69
el: 71
el: 75
el: 79
obj:7
7.000000;7;0.016928
