178 390 5794.4
Run Greedy	with type: 0	algorithm: 2	turn_ls: 0
Include these partial solution into CPLEX: 
S.size() ----> 178	178
#Vars: 178
CPLEX pokrenut
CPLEX finds optimal

obj: 7
Sets in the solution: {
S_87, S_159, S_163, S_167, S_169, S_173, S_177, }
time:0.0512069 s
guards:7
obj:7
178 390 5794.4
Run Greedy	with type: 0	algorithm: 2	turn_ls: 0
Include these partial solution into CPLEX: 
S.size() ----> 178	178
#Vars: 178
CPLEX pokrenut
CPLEX finds optimal

obj: 7
Sets in the solution: {
S_87, S_159, S_163, S_167, S_169, S_173, S_177, }
time:0.0512088 s
guards:7
obj:7
7.000000;7;0.051209
178 390 5794.4
Run Greedy	with type: 0	algorithm: 2	turn_ls: 0
Include these partial solution into CPLEX: 
S.size() ----> 178	178
#Vars: 178
CPLEX pokrenut
CPLEX finds optimal

obj: 7
Sets in the solution: {
S_87, S_159, S_163, S_167, S_169, S_173, S_177, }
time:0.0500781 s
guards:7
el: 87
el: 159
el: 163
el: 167
el: 169
el: 173
el: 177
obj:7
7.000000;7;0.050078
