54 136 502.909
Run Greedy	with type: 0	algorithm: 2	turn_ls: 0
Include these partial solution into CPLEX: 
S.size() ----> 54	54
#Vars: 54
CPLEX pokrenut
CPLEX finds optimal

obj: 7
Sets in the solution: {
S_25, S_35, S_39, S_43, S_45, S_49, S_53, }
time:0.0046431 s
guards:7
obj:7
54 136 502.909
Run Greedy	with type: 0	algorithm: 2	turn_ls: 0
Include these partial solution into CPLEX: 
S.size() ----> 54	54
#Vars: 54
CPLEX pokrenut
CPLEX finds optimal

obj: 7
Sets in the solution: {
S_25, S_35, S_39, S_43, S_45, S_49, S_53, }
time:0.00804484 s
guards:7
obj:7
7.000000;7;0.008045
54 136 502.909
Run Greedy	with type: 0	algorithm: 2	turn_ls: 0
Include these partial solution into CPLEX: 
S.size() ----> 54	54
#Vars: 54
CPLEX pokrenut
CPLEX finds optimal

obj: 7
Sets in the solution: {
S_25, S_35, S_39, S_43, S_45, S_49, S_53, }
time:0.00855959 s
guards:7
el: 25
el: 35
el: 39
el: 43
el: 45
el: 49
el: 53
obj:7
7.000000;7;0.008560
