18 44 46.6583
Run Greedy	with type: 0	algorithm: 2	turn_ls: 0
Include these partial solution into CPLEX: 
S.size() ----> 18	18
#Vars: 18
CPLEX pokrenut
CPLEX finds optimal

obj: 2
Sets in the solution: {
S_3, S_7, }
time:0.00346095 s
guards:2
obj:2
18 44 46.6583
Run Greedy	with type: 0	algorithm: 2	turn_ls: 0
Include these partial solution into CPLEX: 
S.size() ----> 18	18
#Vars: 18
CPLEX pokrenut
CPLEX finds optimal

obj: 2
Sets in the solution: {
S_3, S_7, }
time:0.00381964 s
guards:2
obj:2
2.000000;2;0.003820
18 44 46.6583
Run Greedy	with type: 0	algorithm: 2	turn_ls: 0
Include these partial solution into CPLEX: 
S.size() ----> 18	18
#Vars: 18
CPLEX pokrenut
CPLEX finds optimal

obj: 2
Sets in the solution: {
S_3, S_7, }
time:0.00603452 s
guards:2
el: 3
el: 7
obj:2
2.000000;2;0.006035
