94 218 1579.84
Run Greedy	with type: 0	algorithm: 2	turn_ls: 0
Include these partial solution into CPLEX: 
S.size() ----> 94	94
#Vars: 94
CPLEX pokrenut
CPLEX finds optimal

obj: 7
Sets in the solution: {
S_45, S_75, S_79, S_83, S_85, S_89, S_93, }
time:0.0137068 s
guards:7
obj:7
94 218 1579.84
Run Greedy	with type: 0	algorithm: 2	turn_ls: 0
Include these partial solution into CPLEX: 
S.size() ----> 94	94
#Vars: 94
CPLEX pokrenut
CPLEX finds optimal

obj: 7
Sets in the solution: {
S_45, S_75, S_79, S_83, S_85, S_89, S_93, }
time:0.0156515 s
guards:7
obj:7
7.000000;7;0.015651
94 218 1579.84
Run Greedy	with type: 0	algorithm: 2	turn_ls: 0
Include these partial solution into CPLEX: 
S.size() ----> 94	94
#Vars: 94
CPLEX pokrenut
CPLEX finds optimal

obj: 7
Sets in the solution: {
S_45, S_75, S_79, S_83, S_85, S_89, S_93, }
time:0.0157932 s
guards:7
el: 45
el: 75
el: 79
el: 83
el: 85
el: 89
el: 93
obj:7
7.000000;7;0.015793
