156 349 4435.09
Run Greedy	with type: 0	algorithm: 2	turn_ls: 0
Include these partial solution into CPLEX: 
S.size() ----> 156	156
#Vars: 156
CPLEX pokrenut
CPLEX finds optimal

obj: 7
Sets in the solution: {
S_77, S_137, S_141, S_145, S_147, S_151, S_155, }
time:0.0374269 s
guards:7
obj:7
156 349 4435.09
Run Greedy	with type: 0	algorithm: 2	turn_ls: 0
Include these partial solution into CPLEX: 
S.size() ----> 156	156
#Vars: 156
CPLEX pokrenut
CPLEX finds optimal

obj: 7
Sets in the solution: {
S_77, S_137, S_141, S_145, S_147, S_151, S_155, }
time:0.0349629 s
guards:7
obj:7
7.000000;7;0.034963
156 349 4435.09
Run Greedy	with type: 0	algorithm: 2	turn_ls: 0
Include these partial solution into CPLEX: 
S.size() ----> 156	156
#Vars: 156
CPLEX pokrenut
CPLEX finds optimal

obj: 7
Sets in the solution: {
S_77, S_137, S_141, S_145, S_147, S_151, S_155, }
time:0.036897 s
guards:7
el: 77
el: 137
el: 141
el: 145
el: 147
el: 151
el: 155
obj:7
7.000000;7;0.036897
