158 349 4550.93
Run Greedy	with type: 0	algorithm: 2	turn_ls: 0
Include these partial solution into CPLEX: 
S.size() ----> 158	158
#Vars: 158
CPLEX pokrenut
CPLEX finds optimal

obj: 7
Sets in the solution: {
S_77, S_139, S_143, S_147, S_149, S_153, S_157, }
time:0.0387804 s
guards:7
obj:7
158 349 4550.93
Run Greedy	with type: 0	algorithm: 2	turn_ls: 0
Include these partial solution into CPLEX: 
S.size() ----> 158	158
#Vars: 158
CPLEX pokrenut
CPLEX finds optimal

obj: 7
Sets in the solution: {
S_77, S_139, S_143, S_147, S_149, S_153, S_157, }
time:0.0366637 s
guards:7
obj:7
7.000000;7;0.036664
158 349 4550.93
Run Greedy	with type: 0	algorithm: 2	turn_ls: 0
Include these partial solution into CPLEX: 
S.size() ----> 158	158
#Vars: 158
CPLEX pokrenut
CPLEX finds optimal

obj: 7
Sets in the solution: {
S_77, S_139, S_143, S_147, S_149, S_153, S_157, }
time:0.0369876 s
guards:7
el: 77
el: 139
el: 143
el: 147
el: 149
el: 153
el: 157
obj:7
7.000000;7;0.036988
