170 374 5279.01
Run Greedy	with type: 0	algorithm: 2	turn_ls: 0
Include these partial solution into CPLEX: 
S.size() ----> 170	170
#Vars: 170
CPLEX pokrenut
CPLEX finds optimal

obj: 7
Sets in the solution: {
S_83, S_151, S_155, S_159, S_161, S_165, S_169, }
time:0.0458923 s
guards:7
obj:7
170 374 5279.01
Run Greedy	with type: 0	algorithm: 2	turn_ls: 0
Include these partial solution into CPLEX: 
S.size() ----> 170	170
#Vars: 170
CPLEX pokrenut
CPLEX finds optimal

obj: 7
Sets in the solution: {
S_83, S_151, S_155, S_159, S_161, S_165, S_169, }
time:0.0459876 s
guards:7
obj:7
7.000000;7;0.045988
170 374 5279.01
Run Greedy	with type: 0	algorithm: 2	turn_ls: 0
Include these partial solution into CPLEX: 
S.size() ----> 170	170
#Vars: 170
CPLEX pokrenut
CPLEX finds optimal

obj: 7
Sets in the solution: {
S_83, S_151, S_155, S_159, S_161, S_165, S_169, }
time:0.0448993 s
guards:7
el: 83
el: 151
el: 155
el: 159
el: 161
el: 165
el: 169
obj:7
7.000000;7;0.044899
