120 276 2601.85
Run Greedy	with type: 0	algorithm: 2	turn_ls: 0
Include these partial solution into CPLEX: 
S.size() ----> 120	120
#Vars: 120
CPLEX pokrenut
CPLEX finds optimal

obj: 7
Sets in the solution: {
S_15, S_95, S_105, S_109, S_111, S_115, S_119, }
time:0.0172467 s
guards:7
obj:7
120 276 2601.85
Run Greedy	with type: 0	algorithm: 2	turn_ls: 0
Include these partial solution into CPLEX: 
S.size() ----> 120	120
#Vars: 120
CPLEX pokrenut
CPLEX finds optimal

obj: 7
Sets in the solution: {
S_15, S_95, S_105, S_109, S_111, S_115, S_119, }
time:0.0212909 s
guards:7
obj:7
7.000000;7;0.021291
120 276 2601.85
Run Greedy	with type: 0	algorithm: 2	turn_ls: 0
Include these partial solution into CPLEX: 
S.size() ----> 120	120
#Vars: 120
CPLEX pokrenut
CPLEX finds optimal

obj: 7
Sets in the solution: {
S_15, S_95, S_105, S_109, S_111, S_115, S_119, }
time:0.0197284 s
guards:7
el: 15
el: 95
el: 105
el: 109
el: 111
el: 115
el: 119
obj:7
7.000000;7;0.019728
